<?xml version="1.0" encoding="UTF-8"?>
<testsuite xmlns:xsi="http://www.w3.org/2001/XMLSchema-instance" xsi:noNamespaceSchemaLocation="https://maven.apache.org/surefire/maven-surefire-plugin/xsd/surefire-test-report.xsd" name="com.tanhua.server.test.OssTest" time="7.329" tests="1" errors="1" skipped="0" failures="0">
  <properties>
[...]
</properties>
  <testcase name="testOss" classname="com.tanhua.server.test.OssTest" time="0.003">
    <error message="Failed to load ApplicationContext" type="java.lang.IllegalStateException">java.lang.IllegalStateException: Failed to load ApplicationContext
Caused by: org.springframework.beans.factory.UnsatisfiedDependencyException: Error creating bean with name 'webConfig': Unsatisfied dependency expressed through field 'tokenInterceptor'; nested exception is org.springframework.beans.factory.UnsatisfiedDependencyException: Error creating bean with name 'tokenInterceptor': Unsatisfied dependency expressed through field 'userService'; nested exception is org.springframework.beans.factory.BeanCreationException: Error creating bean with name 'userService': Injection of @Reference dependencies is failed; nested exception is java.lang.IllegalStateException: zookeeper not connected
Caused by: org.springframework.beans.factory.UnsatisfiedDependencyException: Error creating bean with name 'tokenInterceptor': Unsatisfied dependency expressed through field 'userService'; nested exception is org.springframework.beans.factory.BeanCreationException: Error creating bean with name 'userService': Injection of @Reference dependencies is failed; nested exception is java.lang.IllegalStateException: zookeeper not connected
Caused by: org.springframework.beans.factory.BeanCreationException: Error creating bean with name 'userService': Injection of @Reference dependencies is failed; nested exception is java.lang.IllegalStateException: zookeeper not connected
Caused by: java.lang.IllegalStateException: zookeeper not connected
Caused by: java.lang.IllegalStateException: zookeeper not connected
</error>
    <system-out><![CDATA[23:06:27.139 [main] DEBUG org.springframework.test.context.junit4.SpringJUnit4ClassRunner - SpringJUnit4ClassRunner constructor called with [class com.tanhua.server.test.OssTest]
23:06:27.143 [main] DEBUG org.springframework.test.context.BootstrapUtils - Instantiating CacheAwareContextLoaderDelegate from class [org.springframework.test.context.cache.DefaultCacheAwareContextLoaderDelegate]
23:06:27.149 [main] DEBUG org.springframework.test.context.BootstrapUtils - Instantiating BootstrapContext using constructor [public org.springframework.test.context.support.DefaultBootstrapContext(java.lang.Class,org.springframework.test.context.CacheAwareContextLoaderDelegate)]
23:06:27.176 [main] DEBUG org.springframework.test.context.BootstrapUtils - Instantiating TestContextBootstrapper for test class [com.tanhua.server.test.OssTest] from class [org.springframework.boot.test.context.SpringBootTestContextBootstrapper]
23:06:27.186 [main] INFO org.springframework.boot.test.context.SpringBootTestContextBootstrapper - Neither @ContextConfiguration nor @ContextHierarchy found for test class [com.tanhua.server.test.OssTest], using SpringBootContextLoader
23:06:27.188 [main] DEBUG org.springframework.test.context.support.AbstractContextLoader - Did not detect default resource location for test class [com.tanhua.server.test.OssTest]: class path resource [com/tanhua/server/test/OssTest-context.xml] does not exist
23:06:27.189 [main] DEBUG org.springframework.test.context.support.AbstractContextLoader - Did not detect default resource location for test class [com.tanhua.server.test.OssTest]: class path resource [com/tanhua/server/test/OssTestContext.groovy] does not exist
23:06:27.189 [main] INFO org.springframework.test.context.support.AbstractContextLoader - Could not detect default resource locations for test class [com.tanhua.server.test.OssTest]: no resource found for suffixes {-context.xml, Context.groovy}.
23:06:27.191 [main] INFO org.springframework.test.context.support.AnnotationConfigContextLoaderUtils - Could not detect default configuration classes for test class [com.tanhua.server.test.OssTest]: OssTest does not declare any static, non-private, non-final, nested classes annotated with @Configuration.
23:06:27.244 [main] DEBUG org.springframework.test.context.support.ActiveProfilesUtils - Could not find an 'annotation declaring class' for annotation type [org.springframework.test.context.ActiveProfiles] and class [com.tanhua.server.test.OssTest]
23:06:27.365 [main] DEBUG org.springframework.context.annotation.ClassPathScanningCandidateComponentProvider - Identified candidate component class: file [/Users/liufan/Desktop/study/tanhua/day05/代码/tanhua/tanhua-server/target/classes/com/tanhua/server/TanhuaServerApplication.class]
23:06:27.371 [main] INFO org.springframework.boot.test.context.SpringBootTestContextBootstrapper - Found @SpringBootConfiguration com.tanhua.server.TanhuaServerApplication for test class com.tanhua.server.test.OssTest
23:06:27.518 [main] DEBUG org.springframework.boot.test.context.SpringBootTestContextBootstrapper - @TestExecutionListeners is not present for class [com.tanhua.server.test.OssTest]: using defaults.
23:06:27.519 [main] INFO org.springframework.boot.test.context.SpringBootTestContextBootstrapper - Loaded default TestExecutionListener class names from location [META-INF/spring.factories]: [org.springframework.boot.test.mock.mockito.MockitoTestExecutionListener, org.springframework.boot.test.mock.mockito.ResetMocksTestExecutionListener, org.springframework.boot.test.autoconfigure.restdocs.RestDocsTestExecutionListener, org.springframework.boot.test.autoconfigure.web.client.MockRestServiceServerResetTestExecutionListener, org.springframework.boot.test.autoconfigure.web.servlet.MockMvcPrintOnlyOnFailureTestExecutionListener, org.springframework.boot.test.autoconfigure.web.servlet.WebDriverTestExecutionListener, org.springframework.test.context.web.ServletTestExecutionListener, org.springframework.test.context.support.DirtiesContextBeforeModesTestExecutionListener, org.springframework.test.context.support.DependencyInjectionTestExecutionListener, org.springframework.test.context.support.DirtiesContextTestExecutionListener, org.springframework.test.context.transaction.TransactionalTestExecutionListener, org.springframework.test.context.jdbc.SqlScriptsTestExecutionListener]
23:06:27.532 [main] INFO org.springframework.boot.test.context.SpringBootTestContextBootstrapper - Using TestExecutionListeners: [org.springframework.test.context.web.ServletTestExecutionListener@3af0a9da, org.springframework.test.context.support.DirtiesContextBeforeModesTestExecutionListener@43b9fd5, org.springframework.boot.test.mock.mockito.MockitoTestExecutionListener@79dc5318, org.springframework.boot.test.autoconfigure.SpringBootDependencyInjectionTestExecutionListener@8e50104, org.springframework.test.context.support.DirtiesContextTestExecutionListener@37e4d7bb, org.springframework.test.context.transaction.TransactionalTestExecutionListener@6f7923a5, org.springframework.test.context.jdbc.SqlScriptsTestExecutionListener@74a6f9c1, org.springframework.boot.test.mock.mockito.ResetMocksTestExecutionListener@54eb2b70, org.springframework.boot.test.autoconfigure.restdocs.RestDocsTestExecutionListener@45a37759, org.springframework.boot.test.autoconfigure.web.client.MockRestServiceServerResetTestExecutionListener@63611043, org.springframework.boot.test.autoconfigure.web.servlet.MockMvcPrintOnlyOnFailureTestExecutionListener@20ca951f, org.springframework.boot.test.autoconfigure.web.servlet.WebDriverTestExecutionListener@2d778add]
23:06:27.533 [main] DEBUG org.springframework.test.annotation.ProfileValueUtils - Retrieved @ProfileValueSourceConfiguration [null] for test class [com.tanhua.server.test.OssTest]
23:06:27.535 [main] DEBUG org.springframework.test.annotation.ProfileValueUtils - Retrieved ProfileValueSource type [class org.springframework.test.annotation.SystemProfileValueSource] for class [com.tanhua.server.test.OssTest]
23:06:27.536 [main] DEBUG org.springframework.test.annotation.ProfileValueUtils - Retrieved @ProfileValueSourceConfiguration [null] for test class [com.tanhua.server.test.OssTest]
23:06:27.536 [main] DEBUG org.springframework.test.annotation.ProfileValueUtils - Retrieved ProfileValueSource type [class org.springframework.test.annotation.SystemProfileValueSource] for class [com.tanhua.server.test.OssTest]
23:06:27.536 [main] DEBUG org.springframework.test.annotation.ProfileValueUtils - Retrieved @ProfileValueSourceConfiguration [null] for test class [com.tanhua.server.test.OssTest]
23:06:27.536 [main] DEBUG org.springframework.test.annotation.ProfileValueUtils - Retrieved ProfileValueSource type [class org.springframework.test.annotation.SystemProfileValueSource] for class [com.tanhua.server.test.OssTest]
23:06:27.571 [main] DEBUG org.springframework.test.context.support.AbstractDirtiesContextTestExecutionListener - Before test class: context [DefaultTestContext@73d983ea testClass = OssTest, testInstance = [null], testMethod = [null], testException = [null], mergedContextConfiguration = [WebMergedContextConfiguration@36a5cabc testClass = OssTest, locations = '{}', classes = '{class com.tanhua.server.TanhuaServerApplication}', contextInitializerClasses = '[]', activeProfiles = '{}', propertySourceLocations = '{}', propertySourceProperties = '{org.springframework.boot.test.context.SpringBootTestContextBootstrapper=true}', contextCustomizers = set[org.springframework.boot.test.context.filter.ExcludeFilterContextCustomizer@209da20d, org.springframework.boot.test.json.DuplicateJsonObjectContextCustomizerFactory$DuplicateJsonObjectContextCustomizer@2ed2d9cb, org.springframework.boot.test.mock.mockito.MockitoContextCustomizer@0, org.springframework.boot.test.web.client.TestRestTemplateContextCustomizer@31fa1761, org.springframework.boot.test.autoconfigure.properties.PropertyMappingContextCustomizer@0, org.springframework.boot.test.autoconfigure.web.servlet.WebDriverContextCustomizerFactory$Customizer@54a7079e], resourceBasePath = 'src/main/webapp', contextLoader = 'org.springframework.boot.test.context.SpringBootContextLoader', parent = [null]], attributes = map['org.springframework.test.context.web.ServletTestExecutionListener.activateListener' -> true]], class annotated with @DirtiesContext [false] with mode [null].
23:06:27.574 [main] DEBUG org.springframework.test.annotation.ProfileValueUtils - Retrieved @ProfileValueSourceConfiguration [null] for test class [com.tanhua.server.test.OssTest]
23:06:27.576 [main] DEBUG org.springframework.test.annotation.ProfileValueUtils - Retrieved ProfileValueSource type [class org.springframework.test.annotation.SystemProfileValueSource] for class [com.tanhua.server.test.OssTest]
23:06:27.619 [main] DEBUG org.springframework.test.context.support.TestPropertySourceUtils - Adding inlined properties to environment: {spring.jmx.enabled=false, org.springframework.boot.test.context.SpringBootTestContextBootstrapper=true, server.port=-1}
2021-07-08 23:06:28.049 INFO  [main] 

 :: Dubbo Spring Boot (v2.7.5) : https://github.com/apache/dubbo-spring-boot-project
 :: Dubbo (v2.7.5) : https://github.com/apache/dubbo
 :: Discuss group : dev@dubbo.apache.org
 - o.a.d.s.b.c.e.WelcomeLogoApplicationListener
2021-07-08 23:06:28.059 INFO  [main] Dubbo Config was overridden by externalized configuration {dubbo.application.name=tanhua-server, dubbo.application.qos-enable=false, dubbo.config.multiple=true, dubbo.consumer.check=false, dubbo.registry.address=zookeeper://10.10.20.160:2181} - o.a.d.s.b.c.e.OverrideDubboConfigApplicationListener

  .   ____          _            __ _ _
 /\\ / ___'_ __ _ _(_)_ __  __ _ \ \ \ \
( ( )\___ | '_ | '_| | '_ \/ _` | \ \ \ \
 \\/  ___)| |_)| | | | | || (_| |  ) ) ) )
  '  |____| .__|_| |_|_| |_\__, | / / / /
 =========|_|==============|___/=/_/_/_/
 :: Spring Boot ::        (v2.1.0.RELEASE)

2021-07-08 23:06:28.319 WARN  [main] 

Found multiple occurrences of org.json.JSONObject on the class path:

	jar:file:/Users/liufan/localRepositorys/org/json/json/20160810/json-20160810.jar!/org/json/JSONObject.class
	jar:file:/Users/liufan/localRepositorys/com/vaadin/external/google/android-json/0.0.20131108.vaadin1/android-json-0.0.20131108.vaadin1.jar!/org/json/JSONObject.class

You may wish to exclude one of them to ensure predictable runtime behavior
 - o.s.b.t.j.DuplicateJsonObjectContextCustomizerFactory$DuplicateJsonObjectContextCustomizer
2021-07-08 23:06:28.362 INFO  [main] Starting OssTest on liufanMacBook-Air.local with PID 8580 (started by liufan in /Users/liufan/Desktop/study/tanhua/day05/代码/tanhua/tanhua-server) - c.t.s.t.OssTest
2021-07-08 23:06:28.362 DEBUG [main] Running with Spring Boot v2.1.0.RELEASE, Spring v5.1.2.RELEASE - c.t.s.t.OssTest
2021-07-08 23:06:28.366 INFO  [main] No active profile set, falling back to default profiles: default - c.t.s.t.OssTest
2021-07-08 23:06:28.520 INFO  [main] The Infrastructure bean definition [Root bean: class [org.apache.dubbo.spring.boot.beans.factory.config.DubboConfigBeanCustomizer]; scope=; abstract=false; lazyInit=false; autowireMode=0; dependencyCheck=0; autowireCandidate=true; primary=false; factoryBeanName=null; factoryMethodName=null; initMethodName=null; destroyMethodName=nullwith name [namePropertyDefaultValueDubboConfigBeanCustomizer] has been registered. - c.a.s.u.BeanRegistrar
2021-07-08 23:06:29.431 INFO  [main] The configuration bean definition [name : org.apache.dubbo.config.ApplicationConfig#0, content : Root bean: class [org.apache.dubbo.config.ApplicationConfig]; scope=; abstract=false; lazyInit=false; autowireMode=0; dependencyCheck=0; autowireCandidate=true; primary=false; factoryBeanName=null; factoryMethodName=null; initMethodName=null; destroyMethodName=null] has been registered. - c.a.s.b.f.a.ConfigurationBeanBindingRegistrar
2021-07-08 23:06:29.431 INFO  [main] The Infrastructure bean definition [Root bean: class [com.alibaba.spring.beans.factory.annotation.ConfigurationBeanBindingPostProcessor]; scope=; abstract=false; lazyInit=false; autowireMode=0; dependencyCheck=0; autowireCandidate=true; primary=false; factoryBeanName=null; factoryMethodName=null; initMethodName=null; destroyMethodName=nullwith name [configurationBeanBindingPostProcessor] has been registered. - c.a.s.u.BeanRegistrar
2021-07-08 23:06:29.432 INFO  [main] The configuration bean definition [name : org.apache.dubbo.config.RegistryConfig#0, content : Root bean: class [org.apache.dubbo.config.RegistryConfig]; scope=; abstract=false; lazyInit=false; autowireMode=0; dependencyCheck=0; autowireCandidate=true; primary=false; factoryBeanName=null; factoryMethodName=null; initMethodName=null; destroyMethodName=null] has been registered. - c.a.s.b.f.a.ConfigurationBeanBindingRegistrar
2021-07-08 23:06:29.432 INFO  [main] The configuration bean definition [name : org.apache.dubbo.config.ConsumerConfig#0, content : Root bean: class [org.apache.dubbo.config.ConsumerConfig]; scope=; abstract=false; lazyInit=false; autowireMode=0; dependencyCheck=0; autowireCandidate=true; primary=false; factoryBeanName=null; factoryMethodName=null; initMethodName=null; destroyMethodName=null] has been registered. - c.a.s.b.f.a.ConfigurationBeanBindingRegistrar
2021-07-08 23:06:29.485 INFO  [main] Multiple Spring Data modules found, entering strict repository configuration mode! - o.s.d.r.c.RepositoryConfigurationDelegate
2021-07-08 23:06:29.486 INFO  [main] Bootstrapping Spring Data repositories in DEFAULT mode. - o.s.d.r.c.RepositoryConfigurationDelegate
2021-07-08 23:06:29.519 INFO  [main] Finished Spring Data repository scanning in 25ms. Found 0 repository interfaces. - o.s.d.r.c.RepositoryConfigurationDelegate
2021-07-08 23:06:29.538 INFO  [main] Multiple Spring Data modules found, entering strict repository configuration mode! - o.s.d.r.c.RepositoryConfigurationDelegate
2021-07-08 23:06:29.539 INFO  [main] Bootstrapping Spring Data repositories in DEFAULT mode. - o.s.d.r.c.RepositoryConfigurationDelegate
2021-07-08 23:06:29.549 INFO  [main] Finished Spring Data repository scanning in 3ms. Found 0 repository interfaces. - o.s.d.r.c.RepositoryConfigurationDelegate
2021-07-08 23:06:30.254 INFO  [main] Bean 'org.apache.dubbo.spring.boot.autoconfigure.DubboAutoConfiguration' of type [org.apache.dubbo.spring.boot.autoconfigure.DubboAutoConfiguration$$EnhancerBySpringCGLIB$$d9a57103] is not eligible for getting processed by all BeanPostProcessors (for example: not eligible for auto-proxying) - o.s.c.s.PostProcessorRegistrationDelegate$BeanPostProcessorChecker
2021-07-08 23:06:30.840 INFO  [main] The configuration bean [<dubbo:application qosEnable="false" qosEnableCompatible="false" hostname="liufanMacBook-Air.local" name="tanhua-server" valid="true" id="tanhua-server" prefix="dubbo.application" />] have been binding by the configuration properties [{name=tanhua-server, qos-enable=false}] - c.a.s.b.f.a.ConfigurationBeanBindingPostProcessor
2021-07-08 23:06:30.879 INFO  [main] The configuration bean [<dubbo:registry address="zookeeper://10.10.20.160:2181" protocol="zookeeper" port="2181" valid="true" id="zookeeper" prefix="dubbo.registry" />] have been binding by the configuration properties [{address=zookeeper://10.10.20.160:2181}] - c.a.s.b.f.a.ConfigurationBeanBindingPostProcessor
2021-07-08 23:06:30.938 INFO  [main] The configuration bean [<dubbo:consumer check="false" sticky="false" valid="true" prefix="dubbo.consumer" />] have been binding by the configuration properties [{check=false}] - c.a.s.b.f.a.ConfigurationBeanBindingPostProcessor
2021-07-08 23:06:30.969 INFO  [main] The configBean[type:ReferenceBean] has been built. - o.a.d.c.s.b.f.a.ReferenceBeanBuilder
2021-07-08 23:06:31.215 INFO  [main] Running in ZooKeeper 3.4.x compatibility mode - o.a.c.u.Compatibility
2021-07-08 23:06:31.217 INFO  [main] Using emulated InjectSessionExpiration - o.a.c.u.Compatibility
2021-07-08 23:06:31.240 INFO  [main] Starting - o.a.c.f.i.CuratorFrameworkImpl
2021-07-08 23:06:31.248 INFO  [main] Client environment:zookeeper.version=3.4.12--1, built on 03/27/2018 04:49 GMT - o.a.z.ZooKeeper
2021-07-08 23:06:31.248 INFO  [main] Client environment:host.name=localhost - o.a.z.ZooKeeper
2021-07-08 23:06:31.248 INFO  [main] Client environment:java.version=1.8.0_211 - o.a.z.ZooKeeper
2021-07-08 23:06:31.248 INFO  [main] Client environment:java.vendor=Oracle Corporation - o.a.z.ZooKeeper
2021-07-08 23:06:31.248 INFO  [main] Client environment:java.home=/Library/Java/JavaVirtualMachines/jdk1.8.0_211.jdk/Contents/Home/jre - o.a.z.ZooKeeper
2021-07-08 23:06:31.248 INFO  [main] Client environment:java.class.path=/Users/liufan/Desktop/study/tanhua/day05/代码/tanhua/tanhua-server/target/test-classes:/Users/liufan/Desktop/study/tanhua/day05/代码/tanhua/tanhua-server/target/classes:/Users/liufan/Desktop/study/tanhua/day05/代码/tanhua/tanhua-dubbo/tanhua-dubbo-interface/target/tanhua-dubbo-interface-1.0-SNAPSHOT.jar:/Users/liufan/Desktop/study/tanhua/day05/代码/tanhua/tanhua-domain/target/tanhua-domain-1.0-SNAPSHOT.jar:/Users/liufan/localRepositorys/org/springframework/boot/spring-boot-starter-data-mongodb/2.1.0.RELEASE/spring-boot-starter-data-mongodb-2.1.0.RELEASE.jar:/Users/liufan/localRepositorys/org/mongodb/mongodb-driver/3.8.2/mongodb-driver-3.8.2.jar:/Users/liufan/localRepositorys/org/mongodb/bson/3.8.2/bson-3.8.2.jar:/Users/liufan/localRepositorys/org/mongodb/mongodb-driver-core/3.8.2/mongodb-driver-core-3.8.2.jar:/Users/liufan/localRepositorys/org/springframework/data/spring-data-mongodb/2.1.2.RELEASE/spring-data-mongodb-2.1.2.RELEASE.jar:/Users/liufan/localRepositorys/com/baomidou/mybatis-plus/3.1.1/mybatis-plus-3.1.1.jar:/Users/liufan/localRepositorys/com/baomidou/mybatis-plus-extension/3.1.1/mybatis-plus-extension-3.1.1.jar:/Users/liufan/localRepositorys/com/baomidou/mybatis-plus-core/3.1.1/mybatis-plus-core-3.1.1.jar:/Users/liufan/localRepositorys/com/baomidou/mybatis-plus-annotation/3.1.1/mybatis-plus-annotation-3.1.1.jar:/Users/liufan/localRepositorys/com/github/jsqlparser/jsqlparser/1.2/jsqlparser-1.2.jar:/Users/liufan/localRepositorys/org/mybatis/mybatis/3.5.1/mybatis-3.5.1.jar:/Users/liufan/localRepositorys/org/mybatis/mybatis-spring/2.0.1/mybatis-spring-2.0.1.jar:/Users/liufan/Desktop/study/tanhua/day05/代码/tanhua/tanhua-commons/target/tanhua-commons-1.0-SNAPSHOT.jar:/Users/liufan/localRepositorys/com/aliyun/aliyun-java-sdk-core/4.0.6/aliyun-java-sdk-core-4.0.6.jar:/Users/liufan/localRepositorys/com/google/code/gson/gson/2.8.5/gson-2.8.5.jar:/Users/liufan/localRepositorys/org/apache/httpcomponents/httpclient/4.5.6/httpclient-4.5.6.jar:/Users/liufan/localRepositorys/org/apache/httpcomponents/httpcore/4.4.10/httpcore-4.4.10.jar:/Users/liufan/localRepositorys/javax/xml/bind/jaxb-api/2.3.1/jaxb-api-2.3.1.jar:/Users/liufan/localRepositorys/javax/activation/javax.activation-api/1.2.0/javax.activation-api-1.2.0.jar:/Users/liufan/localRepositorys/com/sun/xml/bind/jaxb-core/2.1.14/jaxb-core-2.1.14.jar:/Users/liufan/localRepositorys/com/sun/xml/bind/jaxb-impl/2.1/jaxb-impl-2.1.jar:/Users/liufan/localRepositorys/javax/activation/activation/1.1.1/activation-1.1.1.jar:/Users/liufan/localRepositorys/com/aliyun/aliyun-java-sdk-dysmsapi/1.1.0/aliyun-java-sdk-dysmsapi-1.1.0.jar:/Users/liufan/localRepositorys/com/aliyun/oss/aliyun-sdk-oss/3.10.2/aliyun-sdk-oss-3.10.2.jar:/Users/liufan/localRepositorys/org/jdom/jdom2/2.0.6/jdom2-2.0.6.jar:/Users/liufan/localRepositorys/org/codehaus/jettison/jettison/1.1/jettison-1.1.jar:/Users/liufan/localRepositorys/stax/stax-api/1.0.1/stax-api-1.0.1.jar:/Users/liufan/localRepositorys/com/aliyun/aliyun-java-sdk-ram/3.0.0/aliyun-java-sdk-ram-3.0.0.jar:/Users/liufan/localRepositorys/com/aliyun/aliyun-java-sdk-sts/3.0.0/aliyun-java-sdk-sts-3.0.0.jar:/Users/liufan/localRepositorys/com/aliyun/aliyun-java-sdk-ecs/4.2.0/aliyun-java-sdk-ecs-4.2.0.jar:/Users/liufan/localRepositorys/com/aliyun/aliyun-java-sdk-kms/2.7.0/aliyun-java-sdk-kms-2.7.0.jar:/Users/liufan/localRepositorys/com/baidu/aip/java-sdk/4.8.0/java-sdk-4.8.0.jar:/Users/liufan/localRepositorys/org/json/json/20160810/json-20160810.jar:/Users/liufan/localRepositorys/org/springframework/boot/spring-boot-starter/2.1.0.RELEASE/spring-boot-starter-2.1.0.RELEASE.jar:/Users/liufan/localRepositorys/org/springframework/boot/spring-boot/2.1.0.RELEASE/spring-boot-2.1.0.RELEASE.jar:/Users/liufan/localRepositorys/org/springframework/boot/spring-boot-autoconfigure/2.1.0.RELEASE/spring-boot-autoconfigure-2.1.0.RELEASE.jar:/Users/liufan/localRepositorys/org/springframework/boot/spring-boot-starter-logging/2.1.0.RELEASE/spring-boot-starter-logging-2.1.0.RELEASE.jar:/Users/liufan/localRepositorys/ch/qos/logback/logback-classic/1.2.3/logback-classic-1.2.3.jar:/Users/liufan/localRepositorys/ch/qos/logback/logback-core/1.2.3/logback-core-1.2.3.jar:/Users/liufan/localRepositorys/org/apache/logging/log4j/log4j-to-slf4j/2.11.1/log4j-to-slf4j-2.11.1.jar:/Users/liufan/localRepositorys/org/apache/logging/log4j/log4j-api/2.11.1/log4j-api-2.11.1.jar:/Users/liufan/localRepositorys/org/slf4j/jul-to-slf4j/1.7.25/jul-to-slf4j-1.7.25.jar:/Users/liufan/localRepositorys/javax/annotation/javax.annotation-api/1.3.2/javax.annotation-api-1.3.2.jar:/Users/liufan/localRepositorys/org/yaml/snakeyaml/1.23/snakeyaml-1.23.jar:/Users/liufan/localRepositorys/org/springframework/boot/spring-boot-starter-web/2.1.0.RELEASE/spring-boot-starter-web-2.1.0.RELEASE.jar:/Users/liufan/localRepositorys/org/springframework/boot/spring-boot-starter-json/2.1.0.RELEASE/spring-boot-starter-json-2.1.0.RELEASE.jar:/Users/liufan/localRepositorys/com/fasterxml/jackson/datatype/jackson-datatype-jdk8/2.9.9/jackson-datatype-jdk8-2.9.9.jar:/Users/liufan/localRepositorys/com/fasterxml/jackson/datatype/jackson-datatype-jsr310/2.9.9/jackson-datatype-jsr310-2.9.9.jar:/Users/liufan/localRepositorys/com/fasterxml/jackson/module/jackson-module-parameter-names/2.9.9/jackson-module-parameter-names-2.9.9.jar:/Users/liufan/localRepositorys/org/springframework/boot/spring-boot-starter-tomcat/2.1.0.RELEASE/spring-boot-starter-tomcat-2.1.0.RELEASE.jar:/Users/liufan/localRepositorys/org/apache/tomcat/embed/tomcat-embed-core/9.0.12/tomcat-embed-core-9.0.12.jar:/Users/liufan/localRepositorys/org/apache/tomcat/embed/tomcat-embed-el/9.0.12/tomcat-embed-el-9.0.12.jar:/Users/liufan/localRepositorys/org/apache/tomcat/embed/tomcat-embed-websocket/9.0.12/tomcat-embed-websocket-9.0.12.jar:/Users/liufan/localRepositorys/org/hibernate/validator/hibernate-validator/6.0.13.Final/hibernate-validator-6.0.13.Final.jar:/Users/liufan/localRepositorys/javax/validation/validation-api/2.0.1.Final/validation-api-2.0.1.Final.jar:/Users/liufan/localRepositorys/org/jboss/logging/jboss-logging/3.3.2.Final/jboss-logging-3.3.2.Final.jar:/Users/liufan/localRepositorys/com/fasterxml/classmate/1.4.0/classmate-1.4.0.jar:/Users/liufan/localRepositorys/org/springframework/spring-web/5.1.2.RELEASE/spring-web-5.1.2.RELEASE.jar:/Users/liufan/localRepositorys/org/springframework/spring-beans/5.1.2.RELEASE/spring-beans-5.1.2.RELEASE.jar:/Users/liufan/localRepositorys/org/springframework/spring-webmvc/5.1.2.RELEASE/spring-webmvc-5.1.2.RELEASE.jar:/Users/liufan/localRepositorys/org/springframework/spring-aop/5.1.2.RELEASE/spring-aop-5.1.2.RELEASE.jar:/Users/liufan/localRepositorys/org/springframework/spring-context/5.1.2.RELEASE/spring-context-5.1.2.RELEASE.jar:/Users/liufan/localRepositorys/org/springframework/spring-expression/5.1.2.RELEASE/spring-expression-5.1.2.RELEASE.jar:/Users/liufan/localRepositorys/org/springframework/boot/spring-boot-starter-data-redis/2.1.0.RELEASE/spring-boot-starter-data-redis-2.1.0.RELEASE.jar:/Users/liufan/localRepositorys/org/springframework/data/spring-data-redis/2.1.2.RELEASE/spring-data-redis-2.1.2.RELEASE.jar:/Users/liufan/localRepositorys/org/springframework/data/spring-data-keyvalue/2.1.2.RELEASE/spring-data-keyvalue-2.1.2.RELEASE.jar:/Users/liufan/localRepositorys/org/springframework/data/spring-data-commons/2.1.2.RELEASE/spring-data-commons-2.1.2.RELEASE.jar:/Users/liufan/localRepositorys/org/springframework/spring-tx/5.1.2.RELEASE/spring-tx-5.1.2.RELEASE.jar:/Users/liufan/localRepositorys/org/springframework/spring-oxm/5.1.2.RELEASE/spring-oxm-5.1.2.RELEASE.jar:/Users/liufan/localRepositorys/org/springframework/spring-context-support/5.1.2.RELEASE/spring-context-support-5.1.2.RELEASE.jar:/Users/liufan/localRepositorys/io/lettuce/lettuce-core/5.1.2.RELEASE/lettuce-core-5.1.2.RELEASE.jar:/Users/liufan/localRepositorys/io/projectreactor/reactor-core/3.2.2.RELEASE/reactor-core-3.2.2.RELEASE.jar:/Users/liufan/localRepositorys/org/reactivestreams/reactive-streams/1.0.2/reactive-streams-1.0.2.jar:/Users/liufan/localRepositorys/io/netty/netty-common/4.1.29.Final/netty-common-4.1.29.Final.jar:/Users/liufan/localRepositorys/io/netty/netty-transport/4.1.29.Final/netty-transport-4.1.29.Final.jar:/Users/liufan/localRepositorys/io/netty/netty-buffer/4.1.29.Final/netty-buffer-4.1.29.Final.jar:/Users/liufan/localRepositorys/io/netty/netty-resolver/4.1.29.Final/netty-resolver-4.1.29.Final.jar:/Users/liufan/localRepositorys/io/netty/netty-handler/4.1.29.Final/netty-handler-4.1.29.Final.jar:/Users/liufan/localRepositorys/io/netty/netty-codec/4.1.29.Final/netty-codec-4.1.29.Final.jar:/Users/liufan/localRepositorys/org/apache/commons/commons-lang3/3.7/commons-lang3-3.7.jar:/Users/liufan/localRepositorys/com/fasterxml/jackson/core/jackson-databind/2.9.9/jackson-databind-2.9.9.jar:/Users/liufan/localRepositorys/com/fasterxml/jackson/core/jackson-annotations/2.9.0/jackson-annotations-2.9.0.jar:/Users/liufan/localRepositorys/com/fasterxml/jackson/core/jackson-core/2.9.9/jackson-core-2.9.9.jar:/Users/liufan/localRepositorys/commons-codec/commons-codec/1.11/commons-codec-1.11.jar:/Users/liufan/localRepositorys/joda-time/joda-time/2.5/joda-time-2.5.jar:/Users/liufan/localRepositorys/io/jsonwebtoken/jjwt/0.9.1/jjwt-0.9.1.jar:/Users/liufan/localRepositorys/org/apache/dubbo/dubbo-spring-boot-starter/2.7.5/dubbo-spring-boot-starter-2.7.5.jar:/Users/liufan/localRepositorys/org/apache/dubbo/dubbo-spring-boot-autoconfigure/2.7.5/dubbo-spring-boot-autoconfigure-2.7.5.jar:/Users/liufan/localRepositorys/org/apache/dubbo/dubbo-spring-boot-autoconfigure-compatible/2.7.5/dubbo-spring-boot-autoconfigure-compatible-2.7.5.jar:/Users/liufan/localRepositorys/org/apache/dubbo/dubbo/2.7.5/dubbo-2.7.5.jar:/Users/liufan/localRepositorys/com/alibaba/spring/spring-context-support/1.0.5/spring-context-support-1.0.5.jar:/Users/liufan/localRepositorys/org/javassist/javassist/3.20.0-GA/javassist-3.20.0-GA.jar:/Users/liufan/localRepositorys/io/netty/netty-all/4.1.29.Final/netty-all-4.1.29.Final.jar:/Users/liufan/localRepositorys/org/apache/curator/curator-recipes/4.2.0/curator-recipes-4.2.0.jar:/Users/liufan/localRepositorys/org/apache/curator/curator-framework/4.2.0/curator-framework-4.2.0.jar:/Users/liufan/localRepositorys/org/apache/curator/curator-client/4.2.0/curator-client-4.2.0.jar:/Users/liufan/localRepositorys/com/google/guava/guava/27.0.1-jre/guava-27.0.1-jre.jar:/Users/liufan/localRepositorys/com/google/guava/failureaccess/1.0.1/failureaccess-1.0.1.jar:/Users/liufan/localRepositorys/com/google/guava/listenablefuture/9999.0-empty-to-avoid-conflict-with-guava/listenablefuture-9999.0-empty-to-avoid-conflict-with-guava.jar:/Users/liufan/localRepositorys/com/google/code/findbugs/jsr305/3.0.2/jsr305-3.0.2.jar:/Users/liufan/localRepositorys/org/checkerframework/checker-qual/2.5.2/checker-qual-2.5.2.jar:/Users/liufan/localRepositorys/com/google/errorprone/error_prone_annotations/2.2.0/error_prone_annotations-2.2.0.jar:/Users/liufan/localRepositorys/com/google/j2objc/j2objc-annotations/1.1/j2objc-annotations-1.1.jar:/Users/liufan/localRepositorys/org/codehaus/mojo/animal-sniffer-annotations/1.17/animal-sniffer-annotations-1.17.jar:/Users/liufan/localRepositorys/org/apache/zookeeper/zookeeper/3.4.12/zookeeper-3.4.12.jar:/Users/liufan/localRepositorys/org/slf4j/slf4j-api/1.7.25/slf4j-api-1.7.25.jar:/Users/liufan/localRepositorys/org/slf4j/slf4j-log4j12/1.7.25/slf4j-log4j12-1.7.25.jar:/Users/liufan/localRepositorys/log4j/log4j/1.2.17/log4j-1.2.17.jar:/Users/liufan/localRepositorys/jline/jline/0.9.94/jline-0.9.94.jar:/Users/liufan/localRepositorys/org/apache/yetus/audience-annotations/0.5.0/audience-annotations-0.5.0.jar:/Users/liufan/localRepositorys/io/netty/netty/3.10.6.Final/netty-3.10.6.Final.jar:/Users/liufan/localRepositorys/org/springframework/boot/spring-boot-starter-test/2.1.0.RELEASE/spring-boot-starter-test-2.1.0.RELEASE.jar:/Users/liufan/localRepositorys/org/springframework/boot/spring-boot-test/2.1.0.RELEASE/spring-boot-test-2.1.0.RELEASE.jar:/Users/liufan/localRepositorys/org/springframework/boot/spring-boot-test-autoconfigure/2.1.0.RELEASE/spring-boot-test-autoconfigure-2.1.0.RELEASE.jar:/Users/liufan/localRepositorys/com/jayway/jsonpath/json-path/2.4.0/json-path-2.4.0.jar:/Users/liufan/localRepositorys/net/minidev/json-smart/2.3/json-smart-2.3.jar:/Users/liufan/localRepositorys/net/minidev/accessors-smart/1.2/accessors-smart-1.2.jar:/Users/liufan/localRepositorys/org/ow2/asm/asm/5.0.4/asm-5.0.4.jar:/Users/liufan/localRepositorys/org/assertj/assertj-core/3.11.1/assertj-core-3.11.1.jar:/Users/liufan/localRepositorys/org/mockito/mockito-core/2.23.0/mockito-core-2.23.0.jar:/Users/liufan/localRepositorys/net/bytebuddy/byte-buddy/1.9.3/byte-buddy-1.9.3.jar:/Users/liufan/localRepositorys/net/bytebuddy/byte-buddy-agent/1.9.3/byte-buddy-agent-1.9.3.jar:/Users/liufan/localRepositorys/org/objenesis/objenesis/2.6/objenesis-2.6.jar:/Users/liufan/localRepositorys/org/hamcrest/hamcrest-core/1.3/hamcrest-core-1.3.jar:/Users/liufan/localRepositorys/org/hamcrest/hamcrest-library/1.3/hamcrest-library-1.3.jar:/Users/liufan/localRepositorys/org/skyscreamer/jsonassert/1.5.0/jsonassert-1.5.0.jar:/Users/liufan/localRepositorys/com/vaadin/external/google/android-json/0.0.20131108.vaadin1/android-json-0.0.20131108.vaadin1.jar:/Users/liufan/localRepositorys/org/springframework/spring-core/5.1.2.RELEASE/spring-core-5.1.2.RELEASE.jar:/Users/liufan/localRepositorys/org/springframework/spring-jcl/5.1.2.RELEASE/spring-jcl-5.1.2.RELEASE.jar:/Users/liufan/localRepositorys/org/springframework/spring-test/5.1.2.RELEASE/spring-test-5.1.2.RELEASE.jar:/Users/liufan/localRepositorys/org/xmlunit/xmlunit-core/2.6.2/xmlunit-core-2.6.2.jar:/Users/liufan/localRepositorys/junit/junit/4.12/junit-4.12.jar:/Users/liufan/localRepositorys/org/projectlombok/lombok/1.18.4/lombok-1.18.4.jar:/Users/liufan/localRepositorys/com/alibaba/fastjson/1.2.8/fastjson-1.2.8.jar: - o.a.z.ZooKeeper
2021-07-08 23:06:31.249 INFO  [main] Client environment:java.library.path=/Users/liufan/Library/Java/Extensions:/Library/Java/Extensions:/Network/Library/Java/Extensions:/System/Library/Java/Extensions:/usr/lib/java:. - o.a.z.ZooKeeper
2021-07-08 23:06:31.249 INFO  [main] Client environment:java.io.tmpdir=/var/folders/08/3kr70kp96tg6w5c991j8411c0000gp/T/ - o.a.z.ZooKeeper
2021-07-08 23:06:31.249 INFO  [main] Client environment:java.compiler=<NA> - o.a.z.ZooKeeper
2021-07-08 23:06:31.249 INFO  [main] Client environment:os.name=Mac OS X - o.a.z.ZooKeeper
2021-07-08 23:06:31.249 INFO  [main] Client environment:os.arch=x86_64 - o.a.z.ZooKeeper
2021-07-08 23:06:31.249 INFO  [main] Client environment:os.version=10.16 - o.a.z.ZooKeeper
2021-07-08 23:06:31.249 INFO  [main] Client environment:user.name=liufan - o.a.z.ZooKeeper
2021-07-08 23:06:31.249 INFO  [main] Client environment:user.home=/Users/liufan - o.a.z.ZooKeeper
2021-07-08 23:06:31.249 INFO  [main] Client environment:user.dir=/Users/liufan/Desktop/study/tanhua/day05/代码/tanhua/tanhua-server - o.a.z.ZooKeeper
2021-07-08 23:06:31.250 INFO  [main] Initiating client connection, connectString=10.10.20.160:2181 sessionTimeout=60000 watcher=org.apache.curator.ConnectionState@30c1da48 - o.a.z.ZooKeeper
2021-07-08 23:06:31.283 INFO  [main] Default schema - o.a.c.f.i.CuratorFrameworkImpl
2021-07-08 23:06:31.284 INFO  [main-SendThread(10.10.20.160:2181)] Opening socket connection to server 10.10.20.160/10.10.20.160:2181. Will not attempt to authenticate using SASL (unknown error) - o.a.z.ClientCnxn
2021-07-08 23:06:34.293 WARN  [main] Exception encountered during context initialization - cancelling refresh attempt: org.springframework.beans.factory.UnsatisfiedDependencyException: Error creating bean with name 'webConfig': Unsatisfied dependency expressed through field 'tokenInterceptor'; nested exception is org.springframework.beans.factory.UnsatisfiedDependencyException: Error creating bean with name 'tokenInterceptor': Unsatisfied dependency expressed through field 'userService'; nested exception is org.springframework.beans.factory.BeanCreationException: Error creating bean with name 'userService': Injection of @Reference dependencies is failed; nested exception is java.lang.IllegalStateException: zookeeper not connected - o.s.w.c.s.GenericWebApplicationContext
2021-07-08 23:06:34.295 INFO  [main] class org.apache.dubbo.config.spring.beans.factory.annotation.ReferenceAnnotationBeanPostProcessor was destroying! - o.a.d.c.s.b.f.a.ReferenceAnnotationBeanPostProcessor
2021-07-08 23:06:34.331 INFO  [main] 

Error starting ApplicationContext. To display the conditions report re-run your application with 'debug' enabled. - o.s.b.a.l.ConditionEvaluationReportLoggingListener
2021-07-08 23:06:34.354 ERROR [main] Application run failed - o.s.b.SpringApplication
org.springframework.beans.factory.UnsatisfiedDependencyException: Error creating bean with name 'webConfig': Unsatisfied dependency expressed through field 'tokenInterceptor'; nested exception is org.springframework.beans.factory.UnsatisfiedDependencyException: Error creating bean with name 'tokenInterceptor': Unsatisfied dependency expressed through field 'userService'; nested exception is org.springframework.beans.factory.BeanCreationException: Error creating bean with name 'userService': Injection of @Reference dependencies is failed; nested exception is java.lang.IllegalStateException: zookeeper not connected
	at org.springframework.beans.factory.annotation.AutowiredAnnotationBeanPostProcessor$AutowiredFieldElement.inject(AutowiredAnnotationBeanPostProcessor.java:596)
	at org.springframework.beans.factory.annotation.InjectionMetadata.inject(InjectionMetadata.java:90)
	at org.springframework.beans.factory.annotation.AutowiredAnnotationBeanPostProcessor.postProcessProperties(AutowiredAnnotationBeanPostProcessor.java:374)
	at org.springframework.beans.factory.support.AbstractAutowireCapableBeanFactory.populateBean(AbstractAutowireCapableBeanFactory.java:1378)
	at org.springframework.beans.factory.support.AbstractAutowireCapableBeanFactory.doCreateBean(AbstractAutowireCapableBeanFactory.java:575)
	at org.springframework.beans.factory.support.AbstractAutowireCapableBeanFactory.createBean(AbstractAutowireCapableBeanFactory.java:498)
	at org.springframework.beans.factory.support.AbstractBeanFactory.lambda$doGetBean$0(AbstractBeanFactory.java:320)
	at org.springframework.beans.factory.support.DefaultSingletonBeanRegistry.getSingleton(DefaultSingletonBeanRegistry.java:222)
	at org.springframework.beans.factory.support.AbstractBeanFactory.doGetBean(AbstractBeanFactory.java:318)
	at org.springframework.beans.factory.support.AbstractBeanFactory.getBean(AbstractBeanFactory.java:199)
	at org.springframework.beans.factory.support.DefaultListableBeanFactory.preInstantiateSingletons(DefaultListableBeanFactory.java:846)
	at org.springframework.context.support.AbstractApplicationContext.finishBeanFactoryInitialization(AbstractApplicationContext.java:863)
	at org.springframework.context.support.AbstractApplicationContext.refresh(AbstractApplicationContext.java:546)
	at org.springframework.boot.SpringApplication.refresh(SpringApplication.java:775)
	at org.springframework.boot.SpringApplication.refreshContext(SpringApplication.java:397)
	at org.springframework.boot.SpringApplication.run(SpringApplication.java:316)
	at org.springframework.boot.test.context.SpringBootContextLoader.loadContext(SpringBootContextLoader.java:127)
	at org.springframework.test.context.cache.DefaultCacheAwareContextLoaderDelegate.loadContextInternal(DefaultCacheAwareContextLoaderDelegate.java:99)
	at org.springframework.test.context.cache.DefaultCacheAwareContextLoaderDelegate.loadContext(DefaultCacheAwareContextLoaderDelegate.java:117)
	at org.springframework.test.context.support.DefaultTestContext.getApplicationContext(DefaultTestContext.java:108)
	at org.springframework.test.context.web.ServletTestExecutionListener.setUpRequestContextIfNecessary(ServletTestExecutionListener.java:190)
	at org.springframework.test.context.web.ServletTestExecutionListener.prepareTestInstance(ServletTestExecutionListener.java:132)
	at org.springframework.test.context.TestContextManager.prepareTestInstance(TestContextManager.java:246)
	at org.springframework.test.context.junit4.SpringJUnit4ClassRunner.createTest(SpringJUnit4ClassRunner.java:227)
	at org.springframework.test.context.junit4.SpringJUnit4ClassRunner$1.runReflectiveCall(SpringJUnit4ClassRunner.java:289)
	at org.junit.internal.runners.model.ReflectiveCallable.run(ReflectiveCallable.java:12)
	at org.springframework.test.context.junit4.SpringJUnit4ClassRunner.methodBlock(SpringJUnit4ClassRunner.java:291)
	at org.springframework.test.context.junit4.SpringJUnit4ClassRunner.runChild(SpringJUnit4ClassRunner.java:246)
	at org.springframework.test.context.junit4.SpringJUnit4ClassRunner.runChild(SpringJUnit4ClassRunner.java:97)
	at org.junit.runners.ParentRunner$3.run(ParentRunner.java:290)
	at org.junit.runners.ParentRunner$1.schedule(ParentRunner.java:71)
	at org.junit.runners.ParentRunner.runChildren(ParentRunner.java:288)
	at org.junit.runners.ParentRunner.access$000(ParentRunner.java:58)
	at org.junit.runners.ParentRunner$2.evaluate(ParentRunner.java:268)
	at org.springframework.test.context.junit4.statements.RunBeforeTestClassCallbacks.evaluate(RunBeforeTestClassCallbacks.java:61)
	at org.springframework.test.context.junit4.statements.RunAfterTestClassCallbacks.evaluate(RunAfterTestClassCallbacks.java:70)
	at org.junit.runners.ParentRunner.run(ParentRunner.java:363)
	at org.springframework.test.context.junit4.SpringJUnit4ClassRunner.run(SpringJUnit4ClassRunner.java:190)
	at org.apache.maven.surefire.junit4.JUnit4Provider.execute(JUnit4Provider.java:365)
	at org.apache.maven.surefire.junit4.JUnit4Provider.executeWithRerun(JUnit4Provider.java:273)
	at org.apache.maven.surefire.junit4.JUnit4Provider.executeTestSet(JUnit4Provider.java:238)
	at org.apache.maven.surefire.junit4.JUnit4Provider.invoke(JUnit4Provider.java:159)
	at org.apache.maven.surefire.booter.ForkedBooter.invokeProviderInSameClassLoader(ForkedBooter.java:384)
	at org.apache.maven.surefire.booter.ForkedBooter.runSuitesInProcess(ForkedBooter.java:345)
	at org.apache.maven.surefire.booter.ForkedBooter.execute(ForkedBooter.java:126)
	at org.apache.maven.surefire.booter.ForkedBooter.main(ForkedBooter.java:418)
Caused by: org.springframework.beans.factory.UnsatisfiedDependencyException: Error creating bean with name 'tokenInterceptor': Unsatisfied dependency expressed through field 'userService'; nested exception is org.springframework.beans.factory.BeanCreationException: Error creating bean with name 'userService': Injection of @Reference dependencies is failed; nested exception is java.lang.IllegalStateException: zookeeper not connected
	at org.springframework.beans.factory.annotation.AutowiredAnnotationBeanPostProcessor$AutowiredFieldElement.inject(AutowiredAnnotationBeanPostProcessor.java:596)
	at org.springframework.beans.factory.annotation.InjectionMetadata.inject(InjectionMetadata.java:90)
	at org.springframework.beans.factory.annotation.AutowiredAnnotationBeanPostProcessor.postProcessProperties(AutowiredAnnotationBeanPostProcessor.java:374)
	at org.springframework.beans.factory.support.AbstractAutowireCapableBeanFactory.populateBean(AbstractAutowireCapableBeanFactory.java:1378)
	at org.springframework.beans.factory.support.AbstractAutowireCapableBeanFactory.doCreateBean(AbstractAutowireCapableBeanFactory.java:575)
	at org.springframework.beans.factory.support.AbstractAutowireCapableBeanFactory.createBean(AbstractAutowireCapableBeanFactory.java:498)
	at org.springframework.beans.factory.support.AbstractBeanFactory.lambda$doGetBean$0(AbstractBeanFactory.java:320)
	at org.springframework.beans.factory.support.DefaultSingletonBeanRegistry.getSingleton(DefaultSingletonBeanRegistry.java:222)
	at org.springframework.beans.factory.support.AbstractBeanFactory.doGetBean(AbstractBeanFactory.java:318)
	at org.springframework.beans.factory.support.AbstractBeanFactory.getBean(AbstractBeanFactory.java:199)
	at org.springframework.beans.factory.config.DependencyDescriptor.resolveCandidate(DependencyDescriptor.java:273)
	at org.springframework.beans.factory.support.DefaultListableBeanFactory.doResolveDependency(DefaultListableBeanFactory.java:1239)
	at org.springframework.beans.factory.support.DefaultListableBeanFactory.resolveDependency(DefaultListableBeanFactory.java:1166)
	at org.springframework.beans.factory.annotation.AutowiredAnnotationBeanPostProcessor$AutowiredFieldElement.inject(AutowiredAnnotationBeanPostProcessor.java:593)
	... 45 common frames omitted
Caused by: org.springframework.beans.factory.BeanCreationException: Error creating bean with name 'userService': Injection of @Reference dependencies is failed; nested exception is java.lang.IllegalStateException: zookeeper not connected
	at com.alibaba.spring.beans.factory.annotation.AbstractAnnotationBeanPostProcessor.postProcessPropertyValues(AbstractAnnotationBeanPostProcessor.java:145)
	at org.springframework.beans.factory.support.AbstractAutowireCapableBeanFactory.populateBean(AbstractAutowireCapableBeanFactory.java:1383)
	at org.springframework.beans.factory.support.AbstractAutowireCapableBeanFactory.doCreateBean(AbstractAutowireCapableBeanFactory.java:575)
	at org.springframework.beans.factory.support.AbstractAutowireCapableBeanFactory.createBean(AbstractAutowireCapableBeanFactory.java:498)
	at org.springframework.beans.factory.support.AbstractBeanFactory.lambda$doGetBean$0(AbstractBeanFactory.java:320)
	at org.springframework.beans.factory.support.DefaultSingletonBeanRegistry.getSingleton(DefaultSingletonBeanRegistry.java:222)
	at org.springframework.beans.factory.support.AbstractBeanFactory.doGetBean(AbstractBeanFactory.java:318)
	at org.springframework.beans.factory.support.AbstractBeanFactory.getBean(AbstractBeanFactory.java:199)
	at org.springframework.beans.factory.config.DependencyDescriptor.resolveCandidate(DependencyDescriptor.java:273)
	at org.springframework.beans.factory.support.DefaultListableBeanFactory.doResolveDependency(DefaultListableBeanFactory.java:1239)
	at org.springframework.beans.factory.support.DefaultListableBeanFactory.resolveDependency(DefaultListableBeanFactory.java:1166)
	at org.springframework.beans.factory.annotation.AutowiredAnnotationBeanPostProcessor$AutowiredFieldElement.inject(AutowiredAnnotationBeanPostProcessor.java:593)
	... 58 common frames omitted
Caused by: java.lang.IllegalStateException: zookeeper not connected
	at org.apache.dubbo.remoting.zookeeper.curator.CuratorZookeeperClient.<init>(CuratorZookeeperClient.java:83)
	at org.apache.dubbo.remoting.zookeeper.curator.CuratorZookeeperTransporter.createZookeeperClient(CuratorZookeeperTransporter.java:26)
	at org.apache.dubbo.remoting.zookeeper.support.AbstractZookeeperTransporter.connect(AbstractZookeeperTransporter.java:68)
	at org.apache.dubbo.remoting.zookeeper.ZookeeperTransporter$Adaptive.connect(ZookeeperTransporter$Adaptive.java)
	at org.apache.dubbo.configcenter.support.zookeeper.ZookeeperDynamicConfiguration.<init>(ZookeeperDynamicConfiguration.java:70)
	at org.apache.dubbo.configcenter.support.zookeeper.ZookeeperDynamicConfigurationFactory.createDynamicConfiguration(ZookeeperDynamicConfigurationFactory.java:37)
	at org.apache.dubbo.common.config.configcenter.AbstractDynamicConfigurationFactory.lambda$getDynamicConfiguration$0(AbstractDynamicConfigurationFactory.java:39)
	at java.util.concurrent.ConcurrentHashMap.computeIfAbsent(ConcurrentHashMap.java:1660)
	at org.apache.dubbo.common.config.configcenter.AbstractDynamicConfigurationFactory.getDynamicConfiguration(AbstractDynamicConfigurationFactory.java:39)
	at org.apache.dubbo.common.config.configcenter.DynamicConfiguration.getDynamicConfiguration(DynamicConfiguration.java:223)
	at org.apache.dubbo.config.bootstrap.DubboBootstrap.prepareEnvironment(DubboBootstrap.java:815)
	at org.apache.dubbo.config.bootstrap.DubboBootstrap.startConfigCenter(DubboBootstrap.java:560)
	at org.apache.dubbo.config.bootstrap.DubboBootstrap.useRegistryAsConfigCenterIfNecessary(DubboBootstrap.java:624)
	at org.apache.dubbo.config.bootstrap.DubboBootstrap.initialize(DubboBootstrap.java:508)
	at org.apache.dubbo.config.bootstrap.DubboBootstrap.init(DubboBootstrap.java:493)
	at org.apache.dubbo.config.ReferenceConfig.init(ReferenceConfig.java:183)
	at org.apache.dubbo.config.ReferenceConfig.get(ReferenceConfig.java:151)
	at org.apache.dubbo.config.spring.beans.factory.annotation.ReferenceAnnotationBeanPostProcessor.getOrCreateProxy(ReferenceAnnotationBeanPostProcessor.java:249)
	at org.apache.dubbo.config.spring.beans.factory.annotation.ReferenceAnnotationBeanPostProcessor.doGetInjectedBean(ReferenceAnnotationBeanPostProcessor.java:142)
	at com.alibaba.spring.beans.factory.annotation.AbstractAnnotationBeanPostProcessor.getInjectedObject(AbstractAnnotationBeanPostProcessor.java:358)
	at com.alibaba.spring.beans.factory.annotation.AbstractAnnotationBeanPostProcessor$AnnotatedFieldElement.inject(AbstractAnnotationBeanPostProcessor.java:538)
	at org.springframework.beans.factory.annotation.InjectionMetadata.inject(InjectionMetadata.java:90)
	at com.alibaba.spring.beans.factory.annotation.AbstractAnnotationBeanPostProcessor.postProcessPropertyValues(AbstractAnnotationBeanPostProcessor.java:141)
	... 69 common frames omitted
Caused by: java.lang.IllegalStateException: zookeeper not connected
	at org.apache.dubbo.remoting.zookeeper.curator.CuratorZookeeperClient.<init>(CuratorZookeeperClient.java:80)
	... 91 common frames omitted
2021-07-08 23:06:34.358 ERROR [main] Caught exception while allowing TestExecutionListener [org.springframework.test.context.web.ServletTestExecutionListener@3af0a9da] to prepare test instance [com.tanhua.server.test.OssTest@78a0ff63] - o.s.t.c.TestContextManager
java.lang.IllegalStateException: Failed to load ApplicationContext
	at org.springframework.test.context.cache.DefaultCacheAwareContextLoaderDelegate.loadContext(DefaultCacheAwareContextLoaderDelegate.java:125)
	at org.springframework.test.context.support.DefaultTestContext.getApplicationContext(DefaultTestContext.java:108)
	at org.springframework.test.context.web.ServletTestExecutionListener.setUpRequestContextIfNecessary(ServletTestExecutionListener.java:190)
	at org.springframework.test.context.web.ServletTestExecutionListener.prepareTestInstance(ServletTestExecutionListener.java:132)
	at org.springframework.test.context.TestContextManager.prepareTestInstance(TestContextManager.java:246)
	at org.springframework.test.context.junit4.SpringJUnit4ClassRunner.createTest(SpringJUnit4ClassRunner.java:227)
	at org.springframework.test.context.junit4.SpringJUnit4ClassRunner$1.runReflectiveCall(SpringJUnit4ClassRunner.java:289)
	at org.junit.internal.runners.model.ReflectiveCallable.run(ReflectiveCallable.java:12)
	at org.springframework.test.context.junit4.SpringJUnit4ClassRunner.methodBlock(SpringJUnit4ClassRunner.java:291)
	at org.springframework.test.context.junit4.SpringJUnit4ClassRunner.runChild(SpringJUnit4ClassRunner.java:246)
	at org.springframework.test.context.junit4.SpringJUnit4ClassRunner.runChild(SpringJUnit4ClassRunner.java:97)
	at org.junit.runners.ParentRunner$3.run(ParentRunner.java:290)
	at org.junit.runners.ParentRunner$1.schedule(ParentRunner.java:71)
	at org.junit.runners.ParentRunner.runChildren(ParentRunner.java:288)
	at org.junit.runners.ParentRunner.access$000(ParentRunner.java:58)
	at org.junit.runners.ParentRunner$2.evaluate(ParentRunner.java:268)
	at org.springframework.test.context.junit4.statements.RunBeforeTestClassCallbacks.evaluate(RunBeforeTestClassCallbacks.java:61)
	at org.springframework.test.context.junit4.statements.RunAfterTestClassCallbacks.evaluate(RunAfterTestClassCallbacks.java:70)
	at org.junit.runners.ParentRunner.run(ParentRunner.java:363)
	at org.springframework.test.context.junit4.SpringJUnit4ClassRunner.run(SpringJUnit4ClassRunner.java:190)
	at org.apache.maven.surefire.junit4.JUnit4Provider.execute(JUnit4Provider.java:365)
	at org.apache.maven.surefire.junit4.JUnit4Provider.executeWithRerun(JUnit4Provider.java:273)
	at org.apache.maven.surefire.junit4.JUnit4Provider.executeTestSet(JUnit4Provider.java:238)
	at org.apache.maven.surefire.junit4.JUnit4Provider.invoke(JUnit4Provider.java:159)
	at org.apache.maven.surefire.booter.ForkedBooter.invokeProviderInSameClassLoader(ForkedBooter.java:384)
	at org.apache.maven.surefire.booter.ForkedBooter.runSuitesInProcess(ForkedBooter.java:345)
	at org.apache.maven.surefire.booter.ForkedBooter.execute(ForkedBooter.java:126)
	at org.apache.maven.surefire.booter.ForkedBooter.main(ForkedBooter.java:418)
Caused by: org.springframework.beans.factory.UnsatisfiedDependencyException: Error creating bean with name 'webConfig': Unsatisfied dependency expressed through field 'tokenInterceptor'; nested exception is org.springframework.beans.factory.UnsatisfiedDependencyException: Error creating bean with name 'tokenInterceptor': Unsatisfied dependency expressed through field 'userService'; nested exception is org.springframework.beans.factory.BeanCreationException: Error creating bean with name 'userService': Injection of @Reference dependencies is failed; nested exception is java.lang.IllegalStateException: zookeeper not connected
	at org.springframework.beans.factory.annotation.AutowiredAnnotationBeanPostProcessor$AutowiredFieldElement.inject(AutowiredAnnotationBeanPostProcessor.java:596)
	at org.springframework.beans.factory.annotation.InjectionMetadata.inject(InjectionMetadata.java:90)
	at org.springframework.beans.factory.annotation.AutowiredAnnotationBeanPostProcessor.postProcessProperties(AutowiredAnnotationBeanPostProcessor.java:374)
	at org.springframework.beans.factory.support.AbstractAutowireCapableBeanFactory.populateBean(AbstractAutowireCapableBeanFactory.java:1378)
	at org.springframework.beans.factory.support.AbstractAutowireCapableBeanFactory.doCreateBean(AbstractAutowireCapableBeanFactory.java:575)
	at org.springframework.beans.factory.support.AbstractAutowireCapableBeanFactory.createBean(AbstractAutowireCapableBeanFactory.java:498)
	at org.springframework.beans.factory.support.AbstractBeanFactory.lambda$doGetBean$0(AbstractBeanFactory.java:320)
	at org.springframework.beans.factory.support.DefaultSingletonBeanRegistry.getSingleton(DefaultSingletonBeanRegistry.java:222)
	at org.springframework.beans.factory.support.AbstractBeanFactory.doGetBean(AbstractBeanFactory.java:318)
	at org.springframework.beans.factory.support.AbstractBeanFactory.getBean(AbstractBeanFactory.java:199)
	at org.springframework.beans.factory.support.DefaultListableBeanFactory.preInstantiateSingletons(DefaultListableBeanFactory.java:846)
	at org.springframework.context.support.AbstractApplicationContext.finishBeanFactoryInitialization(AbstractApplicationContext.java:863)
	at org.springframework.context.support.AbstractApplicationContext.refresh(AbstractApplicationContext.java:546)
	at org.springframework.boot.SpringApplication.refresh(SpringApplication.java:775)
	at org.springframework.boot.SpringApplication.refreshContext(SpringApplication.java:397)
	at org.springframework.boot.SpringApplication.run(SpringApplication.java:316)
	at org.springframework.boot.test.context.SpringBootContextLoader.loadContext(SpringBootContextLoader.java:127)
	at org.springframework.test.context.cache.DefaultCacheAwareContextLoaderDelegate.loadContextInternal(DefaultCacheAwareContextLoaderDelegate.java:99)
	at org.springframework.test.context.cache.DefaultCacheAwareContextLoaderDelegate.loadContext(DefaultCacheAwareContextLoaderDelegate.java:117)
	... 27 common frames omitted
Caused by: org.springframework.beans.factory.UnsatisfiedDependencyException: Error creating bean with name 'tokenInterceptor': Unsatisfied dependency expressed through field 'userService'; nested exception is org.springframework.beans.factory.BeanCreationException: Error creating bean with name 'userService': Injection of @Reference dependencies is failed; nested exception is java.lang.IllegalStateException: zookeeper not connected
	at org.springframework.beans.factory.annotation.AutowiredAnnotationBeanPostProcessor$AutowiredFieldElement.inject(AutowiredAnnotationBeanPostProcessor.java:596)
	at org.springframework.beans.factory.annotation.InjectionMetadata.inject(InjectionMetadata.java:90)
	at org.springframework.beans.factory.annotation.AutowiredAnnotationBeanPostProcessor.postProcessProperties(AutowiredAnnotationBeanPostProcessor.java:374)
	at org.springframework.beans.factory.support.AbstractAutowireCapableBeanFactory.populateBean(AbstractAutowireCapableBeanFactory.java:1378)
	at org.springframework.beans.factory.support.AbstractAutowireCapableBeanFactory.doCreateBean(AbstractAutowireCapableBeanFactory.java:575)
	at org.springframework.beans.factory.support.AbstractAutowireCapableBeanFactory.createBean(AbstractAutowireCapableBeanFactory.java:498)
	at org.springframework.beans.factory.support.AbstractBeanFactory.lambda$doGetBean$0(AbstractBeanFactory.java:320)
	at org.springframework.beans.factory.support.DefaultSingletonBeanRegistry.getSingleton(DefaultSingletonBeanRegistry.java:222)
	at org.springframework.beans.factory.support.AbstractBeanFactory.doGetBean(AbstractBeanFactory.java:318)
	at org.springframework.beans.factory.support.AbstractBeanFactory.getBean(AbstractBeanFactory.java:199)
	at org.springframework.beans.factory.config.DependencyDescriptor.resolveCandidate(DependencyDescriptor.java:273)
	at org.springframework.beans.factory.support.DefaultListableBeanFactory.doResolveDependency(DefaultListableBeanFactory.java:1239)
	at org.springframework.beans.factory.support.DefaultListableBeanFactory.resolveDependency(DefaultListableBeanFactory.java:1166)
	at org.springframework.beans.factory.annotation.AutowiredAnnotationBeanPostProcessor$AutowiredFieldElement.inject(AutowiredAnnotationBeanPostProcessor.java:593)
	... 45 common frames omitted
Caused by: org.springframework.beans.factory.BeanCreationException: Error creating bean with name 'userService': Injection of @Reference dependencies is failed; nested exception is java.lang.IllegalStateException: zookeeper not connected
	at com.alibaba.spring.beans.factory.annotation.AbstractAnnotationBeanPostProcessor.postProcessPropertyValues(AbstractAnnotationBeanPostProcessor.java:145)
	at org.springframework.beans.factory.support.AbstractAutowireCapableBeanFactory.populateBean(AbstractAutowireCapableBeanFactory.java:1383)
	at org.springframework.beans.factory.support.AbstractAutowireCapableBeanFactory.doCreateBean(AbstractAutowireCapableBeanFactory.java:575)
	at org.springframework.beans.factory.support.AbstractAutowireCapableBeanFactory.createBean(AbstractAutowireCapableBeanFactory.java:498)
	at org.springframework.beans.factory.support.AbstractBeanFactory.lambda$doGetBean$0(AbstractBeanFactory.java:320)
	at org.springframework.beans.factory.support.DefaultSingletonBeanRegistry.getSingleton(DefaultSingletonBeanRegistry.java:222)
	at org.springframework.beans.factory.support.AbstractBeanFactory.doGetBean(AbstractBeanFactory.java:318)
	at org.springframework.beans.factory.support.AbstractBeanFactory.getBean(AbstractBeanFactory.java:199)
	at org.springframework.beans.factory.config.DependencyDescriptor.resolveCandidate(DependencyDescriptor.java:273)
	at org.springframework.beans.factory.support.DefaultListableBeanFactory.doResolveDependency(DefaultListableBeanFactory.java:1239)
	at org.springframework.beans.factory.support.DefaultListableBeanFactory.resolveDependency(DefaultListableBeanFactory.java:1166)
	at org.springframework.beans.factory.annotation.AutowiredAnnotationBeanPostProcessor$AutowiredFieldElement.inject(AutowiredAnnotationBeanPostProcessor.java:593)
	... 58 common frames omitted
Caused by: java.lang.IllegalStateException: zookeeper not connected
	at org.apache.dubbo.remoting.zookeeper.curator.CuratorZookeeperClient.<init>(CuratorZookeeperClient.java:83)
	at org.apache.dubbo.remoting.zookeeper.curator.CuratorZookeeperTransporter.createZookeeperClient(CuratorZookeeperTransporter.java:26)
	at org.apache.dubbo.remoting.zookeeper.support.AbstractZookeeperTransporter.connect(AbstractZookeeperTransporter.java:68)
	at org.apache.dubbo.remoting.zookeeper.ZookeeperTransporter$Adaptive.connect(ZookeeperTransporter$Adaptive.java)
	at org.apache.dubbo.configcenter.support.zookeeper.ZookeeperDynamicConfiguration.<init>(ZookeeperDynamicConfiguration.java:70)
	at org.apache.dubbo.configcenter.support.zookeeper.ZookeeperDynamicConfigurationFactory.createDynamicConfiguration(ZookeeperDynamicConfigurationFactory.java:37)
	at org.apache.dubbo.common.config.configcenter.AbstractDynamicConfigurationFactory.lambda$getDynamicConfiguration$0(AbstractDynamicConfigurationFactory.java:39)
	at java.util.concurrent.ConcurrentHashMap.computeIfAbsent(ConcurrentHashMap.java:1660)
	at org.apache.dubbo.common.config.configcenter.AbstractDynamicConfigurationFactory.getDynamicConfiguration(AbstractDynamicConfigurationFactory.java:39)
	at org.apache.dubbo.common.config.configcenter.DynamicConfiguration.getDynamicConfiguration(DynamicConfiguration.java:223)
	at org.apache.dubbo.config.bootstrap.DubboBootstrap.prepareEnvironment(DubboBootstrap.java:815)
	at org.apache.dubbo.config.bootstrap.DubboBootstrap.startConfigCenter(DubboBootstrap.java:560)
	at org.apache.dubbo.config.bootstrap.DubboBootstrap.useRegistryAsConfigCenterIfNecessary(DubboBootstrap.java:624)
	at org.apache.dubbo.config.bootstrap.DubboBootstrap.initialize(DubboBootstrap.java:508)
	at org.apache.dubbo.config.bootstrap.DubboBootstrap.init(DubboBootstrap.java:493)
	at org.apache.dubbo.config.ReferenceConfig.init(ReferenceConfig.java:183)
	at org.apache.dubbo.config.ReferenceConfig.get(ReferenceConfig.java:151)
	at org.apache.dubbo.config.spring.beans.factory.annotation.ReferenceAnnotationBeanPostProcessor.getOrCreateProxy(ReferenceAnnotationBeanPostProcessor.java:249)
	at org.apache.dubbo.config.spring.beans.factory.annotation.ReferenceAnnotationBeanPostProcessor.doGetInjectedBean(ReferenceAnnotationBeanPostProcessor.java:142)
	at com.alibaba.spring.beans.factory.annotation.AbstractAnnotationBeanPostProcessor.getInjectedObject(AbstractAnnotationBeanPostProcessor.java:358)
	at com.alibaba.spring.beans.factory.annotation.AbstractAnnotationBeanPostProcessor$AnnotatedFieldElement.inject(AbstractAnnotationBeanPostProcessor.java:538)
	at org.springframework.beans.factory.annotation.InjectionMetadata.inject(InjectionMetadata.java:90)
	at com.alibaba.spring.beans.factory.annotation.AbstractAnnotationBeanPostProcessor.postProcessPropertyValues(AbstractAnnotationBeanPostProcessor.java:141)
	... 69 common frames omitted
Caused by: java.lang.IllegalStateException: zookeeper not connected
	at org.apache.dubbo.remoting.zookeeper.curator.CuratorZookeeperClient.<init>(CuratorZookeeperClient.java:80)
	... 91 common frames omitted
]]></system-out>
    <system-err><![CDATA[SLF4J: Class path contains multiple SLF4J bindings.
SLF4J: Found binding in [jar:file:/Users/liufan/localRepositorys/ch/qos/logback/logback-classic/1.2.3/logback-classic-1.2.3.jar!/org/slf4j/impl/StaticLoggerBinder.class]
SLF4J: Found binding in [jar:file:/Users/liufan/localRepositorys/org/slf4j/slf4j-log4j12/1.7.25/slf4j-log4j12-1.7.25.jar!/org/slf4j/impl/StaticLoggerBinder.class]
SLF4J: See http://www.slf4j.org/codes.html#multiple_bindings for an explanation.
SLF4J: Actual binding is of type [ch.qos.logback.classic.util.ContextSelectorStaticBinder]
log4j:WARN No appenders could be found for logger (org.apache.dubbo.common.logger.LoggerFactory).
log4j:WARN Please initialize the log4j system properly.
log4j:WARN See http://logging.apache.org/log4j/1.2/faq.html#noconfig for more info.
]]></system-err>
  </testcase>
</testsuite>